<?xml version="1.0" encoding="UTF-8"?>
<!-- Generated by org.testng.reporters.JUnitXMLReporter -->
<testsuite hostname="del1-lhp-n65268" ignored="0" name="Default test" tests="24" failures="0" timestamp="11 Aug 2019 13:56:40 GMT" time="13.967" errors="0">
  <testcase name="verify_txt" time="0.068" classname="TestNg.NewTest"/>
  <testcase name="verify_txt_1" time="0.052" classname="TestNg.NewTest"/>
  <testcase name="verify_number" time="0.129" classname="TestNg.NewTest"/>
  <testcase name="f" time="1.564" classname="TestNg.NewTest"/>
  <testcase name="g" time="0.056" classname="TestNg.NewTest"/>
  <testcase name="g" time="0.037" classname="TestNg.NewTest"/>
  <testcase name="g" time="0.042" classname="TestNg.NewTest"/>
  <testcase name="g" time="0.044" classname="TestNg.NewTest"/>
  <testcase name="g" time="0.044" classname="TestNg.NewTest"/>
  <testcase name="g" time="0.044" classname="TestNg.NewTest"/>
  <testcase name="g" time="0.044" classname="TestNg.NewTest"/>
  <testcase name="g" time="0.04" classname="TestNg.NewTest"/>
  <testcase name="g" time="0.04" classname="TestNg.NewTest"/>
  <testcase name="g" time="0.04" classname="TestNg.NewTest"/>
  <testcase name="h" time="0.036" classname="TestNg.NewTest"/>
  <testcase name="h" time="0.032" classname="TestNg.NewTest"/>
  <testcase name="h" time="0.028" classname="TestNg.NewTest"/>
  <testcase name="h" time="0.028" classname="TestNg.NewTest"/>
  <testcase name="h" time="0.032" classname="TestNg.NewTest"/>
  <testcase name="h" time="0.032" classname="TestNg.NewTest"/>
  <testcase name="h" time="0.036" classname="TestNg.NewTest"/>
  <testcase name="h" time="0.028" classname="TestNg.NewTest"/>
  <testcase name="h" time="0.036" classname="TestNg.NewTest"/>
  <testcase name="h" time="0.028" classname="TestNg.NewTest"/>
</testsuite> <!-- Default test -->
